<?xml version="1.0" encoding="UTF-8"?>
<testsuite xmlns:xsi="http://www.w3.org/2001/XMLSchema-instance" xsi:noNamespaceSchemaLocation="https://maven.apache.org/surefire/maven-surefire-plugin/xsd/surefire-test-report-3.0.xsd" version="3.0" name="com.slepan.slepanshop.SlepanshopApplicationTests" time="2.26" tests="1" errors="0" skipped="0" failures="0">
  <properties>
[...]
</properties>
  <testcase name="contextLoads" classname="com.slepan.slepanshop.SlepanshopApplicationTests" time="0.684">
    <system-out><![CDATA[23:17:42.686 [main] INFO org.springframework.test.context.support.AnnotationConfigContextLoaderUtils -- Could not detect default configuration classes for test class [com.slepan.slepanshop.SlepanshopApplicationTests]: SlepanshopApplicationTests does not declare any static, non-private, non-final, nested classes annotated with @Configuration.
23:17:42.777 [main] INFO org.springframework.boot.test.context.SpringBootTestContextBootstrapper -- Found @SpringBootConfiguration com.slepan.slepanshop.SlepanshopApplication for test class com.slepan.slepanshop.SlepanshopApplicationTests
23:17:42.929 [main] INFO org.springframework.boot.devtools.restart.RestartApplicationListener -- Restart disabled due to context in which it is running

  .   ____          _            __ _ _
 /\\ / ___'_ __ _ _(_)_ __  __ _ \ \ \ \
( ( )\___ | '_ | '_| | '_ \/ _` | \ \ \ \
 \\/  ___)| |_)| | | | | || (_| |  ) ) ) )
  '  |____| .__|_| |_|_| |_\__, | / / / /
 =========|_|==============|___/=/_/_/_/

 :: Spring Boot ::                (v3.3.4)

2025-03-27T23:17:43.118+01:00  WARN 12856 --- [           main] ory$DuplicateJsonObjectContextCustomizer : 

Found multiple occurrences of org.json.JSONObject on the class path:

	jar:file:/C:/Users/nazar/.m2/repository/com/vaadin/external/google/android-json/0.0.20131108.vaadin1/android-json-0.0.20131108.vaadin1.jar!/org/json/JSONObject.class
	jar:file:/C:/Users/nazar/.m2/repository/org/json/json/20230227/json-20230227.jar!/org/json/JSONObject.class

You may wish to exclude one of them to ensure predictable runtime behavior

2025-03-27T23:17:43.133+01:00  INFO 12856 --- [           main] c.s.s.SlepanshopApplicationTests         : Starting SlepanshopApplicationTests using Java 21.0.5 with PID 12856 (started by nazar in C:\programing\slepanshop)
2025-03-27T23:17:43.134+01:00  INFO 12856 --- [           main] c.s.s.SlepanshopApplicationTests         : No active profile set, falling back to 1 default profile: "default"
2025-03-27T23:17:43.867+01:00  INFO 12856 --- [           main] o.s.b.a.w.s.WelcomePageHandlerMapping    : Adding welcome page template: index
2025-03-27T23:17:44.104+01:00  INFO 12856 --- [           main] c.s.s.SlepanshopApplicationTests         : Started SlepanshopApplicationTests in 1.185 seconds (process running for 1.986)
]]></system-out>
    <system-err><![CDATA[WARNING: A Java agent has been loaded dynamically (C:\Users\nazar\.m2\repository\net\bytebuddy\byte-buddy-agent\1.14.19\byte-buddy-agent-1.14.19.jar)
WARNING: If a serviceability tool is in use, please run with -XX:+EnableDynamicAgentLoading to hide this warning
WARNING: If a serviceability tool is not in use, please run with -Djdk.instrument.traceUsage for more information
WARNING: Dynamic loading of agents will be disallowed by default in a future release
]]></system-err>
  </testcase>
</testsuite>